The display_name for GO:0000006 has been updated from high-affinity zinc uptake transmembrane transporter activity to high-affinity zinc transmembrane transporter activity
Added new ALIAS: high-affinity zinc uptake transmembrane transporter activity for go_id = 285187
Added new PARENT: parent_id = 1917799 for go_id = 286749
Added new PARENT: parent_id = 1917799 for go_id = 286855
Added new PARENT: parent_id = 1917799 for go_id = 286856
Added new PARENT: parent_id = 1917799 for go_id = 286861
Added new PARENT: parent_id = 286881 for go_id = 286928
Added new PARENT: parent_id = 286753 for go_id = 286883
The old parent: parent_id = 285482 has been deleted for go_id = 286883
The old parent: parent_id = 295894 has been deleted for go_id = 286883
The display_name for GO:0003700 has been updated from transcription factor activity, sequence-specific DNA binding to DNA binding transcription factor activity
Added new PARENT: parent_id = 1917799 for go_id = 286720
The old parent: parent_id = 286860 has been deleted for go_id = 286720
Added new ALIAS: nucleic acid binding transcription factor activity for go_id = 286720
The display_name for GO:0004931 has been updated from extracellular ATP-gated cation channel activity to extracellularly ATP-gated cation channel activity
The display_name for GO:0005234 has been updated from extracellular-glutamate-gated ion channel activity to extracellularly glutamate-gated ion channel activity
Added new ALIAS: extracellular-glutamate-gated ion channel activity for go_id = 293302
The display_name for GO:0005260 has been updated from intracellular ATPase-gated chloride channel activity to intracellularly ATP-gated chloride channel activity
The old parent: parent_id = 324214 has been deleted for go_id = 293385
Added new ALIAS: copper uptake transmembrane transporter activity for go_id = 293550
The display_name for GO:0008068 has been updated from extracellular-glutamate-gated chloride channel activity to extracellularly glutamate-gated chloride channel activity
Added new ALIAS: extracellular-glutamate-gated chloride channel activity for go_id = 293304
Added new PARENT: parent_id = 323872 for go_id = 303210
The old parent: parent_id = 323856 has been deleted for go_id = 303210
Added new PARENT: parent_id = 323872 for go_id = 322632
The old parent: parent_id = 323856 has been deleted for go_id = 322632
The old parent: parent_id = 324108 has been deleted for go_id = 322632
Added new ALIAS: potassium uptake permease activity for go_id = 323791
Added new ALIAS: potassium uptake transmembrane transporter activity for go_id = 323791
The display_name for GO:0015090 has been updated from low-affinity iron ion transmembrane transporter activity to low-affinity ferric iron ion transmembrane transporter activity
The display_name for GO:0015092 has been updated from high-affinity ferric iron uptake transmembrane transporter activity to high-affinity ferric iron transmembrane transporter activity
Added new ALIAS: high affinity ferric uptake transmembrane transporter activity for go_id = 323833
The old alias = high affinity ferric uptake transmembrane transporter activity has been deleted for go_id = 323833
Added new ALIAS: ferrous iron uptake transmembrane transporter activity for go_id = 293557
Added new ALIAS: thiamin uptake transporter activity for go_id = 324055
Added new ALIAS: thiamine uptake transmembrane transporter activity for go_id = 324055
The old parent: parent_id = 324214 has been deleted for go_id = 323875
Added new ALIAS: formate uptake permease activity for go_id = 301242
Added new ALIAS: formate uptake transmembrane transporter activity for go_id = 301242
The display_name for GO:0015513 has been updated from nitrite uptake transmembrane transporter activity to high-affinity secondary active nitrite transmembrane transporter activity
Added new PARENT: parent_id = 323856 for go_id = 323872
The old parent: parent_id = 323857 has been deleted for go_id = 323872
The old parent: parent_id = 324214 has been deleted for go_id = 323872
The display_name for GO:0015541 has been updated from secondary active cyanate uptake transmembrane transporter activity to secondary active cyanate transmembrane transporter activity
The display_name for GO:0015544 has been updated from phenyl propionate uptake uniporter activity to phenyl propionate uniporter activity
Added new PARENT: parent_id = 324109 for go_id = 324115
The old parent: parent_id = 324108 has been deleted for go_id = 324115
Added new PARENT: parent_id = 324247 for go_id = 293447
The old parent: parent_id = 299990 has been deleted for go_id = 293447
The old parent: parent_id = 324073 has been deleted for go_id = 293447
The display_name for GO:0015558 has been updated from p-aminobenzoyl-glutamate uptake transmembrane transporter activity to p-aminobenzoyl-glutamate transmembrane transporter activity
Added new PARENT: parent_id = 293427 for go_id = 324211
Added new PARENT: parent_id = 335067 for go_id = 324211
Added new PARENT: parent_id = 331576 for go_id = 324211
The old parent: parent_id = 324214 has been deleted for go_id = 324211
The old parent: parent_id = 301245 has been deleted for go_id = 324211
Added new ALIAS: p-aminobenzoyl-glutamate transporter activity for go_id = 324211
Added new ALIAS: p-aminobenzoyl-glutamate uptake permease activity for go_id = 324211
Added new ALIAS: p-aminobenzoyl-glutamate uptake transmembrane transporter activity for go_id = 324211
The old alias = p-aminobenzoyl-glutamate uptake permease activity has been deleted for go_id = 324211
The old parent: parent_id = 324230 has been deleted for go_id = 324057
The old parent: parent_id = 301218 has been deleted for go_id = 324057
The old parent: parent_id = 300814 has been deleted for go_id = 324057
The display_name for GO:0015636 has been updated from short-chain fatty acid uptake transporter activity to short-chain fatty acid transmembrane transporter activity
Added new PARENT: parent_id = 299990 for go_id = 324247
Added new PARENT: parent_id = 293444 for go_id = 324247
Added new PARENT: parent_id = 324656 for go_id = 324247
The old parent: parent_id = 324073 has been deleted for go_id = 324247
The old parent: parent_id = 297837 has been deleted for go_id = 324247
Added new ALIAS: short-chain fatty acid transporter activity for go_id = 324247
Added new ALIAS: short-chain fatty acid uptake transporter activity for go_id = 324247
The display_name for GO:0015638 has been updated from microcin uptake transporter activity to microcin transmembrane transporter activity
Added new PARENT: parent_id = 324009 for go_id = 324061
The display_name for GO:0015654 has been updated from tellurite uptake transmembrane transporter activity to tellurite transmembrane transporter activity
Added new PARENT: parent_id = 301220 for go_id = 323883
The old parent: parent_id = 323862 has been deleted for go_id = 323883
The old parent: parent_id = 324214 has been deleted for go_id = 323883
Added new ALIAS: tellurite uptake transmembrane transporter activity for go_id = 323883
Added new ALIAS: tellurite-resistance uptake permease activity for go_id = 323883
Added new ALIAS: tellurite-resistance uptake transmembrane transporter activity for go_id = 323883
The old alias = tellurite-resistance uptake permease activity has been deleted for go_id = 323883
The old alias = tellurite-resistance uptake transmembrane transporter activity has been deleted for go_id = 323883
Added new ALIAS: formate efflux permease activity for go_id = 324201
The old alias = formate efflux permease activity has been deleted for go_id = 324201
The display_name for GO:0016933 has been updated from extracellular-glycine-gated ion channel activity to extracellularly glycine-gated ion channel activity
Added new ALIAS: extracellular-glycine-gated ion channel activity for go_id = 293303
The display_name for GO:0016934 has been updated from extracellular-glycine-gated chloride channel activity to extracellularly glycine-gated chloride channel activity
Added new ALIAS: extracellular-glycine-gated chloride channel activity for go_id = 293305
Added new ALIAS: uptake permease activity for go_id = 293246
Added new ALIAS: uptake transmembrane transporter activity for go_id = 293246
The display_name for GO:0030974 has been updated from thiamine pyrophosphate transport to thiamine pyrophosphate transmembrane transport
Added new ALIAS: thiamine pyrophosphate transport for go_id = 324393
Added new PARENT: parent_id = 324055 for go_id = 324128
The old parent: parent_id = 324056 has been deleted for go_id = 324128
Added new ALIAS: myogenesis for go_id = 331871
The old parent: parent_id = 298323 has been deleted for go_id = 323746
The old parent: parent_id = 343466 has been deleted for go_id = 323746
The display_name for GO:0043433 has been updated from negative regulation of sequence-specific DNA binding transcription factor activity to negative regulation of DNA binding transcription factor activity
Added new ALIAS: negative regulation of sequence-specific DNA binding transcription factor activity for go_id = 290928
Added new PARENT: parent_id = 331865 for go_id = 338395
Added new PARENT: parent_id = 338070 for go_id = 338395
The old parent: parent_id = 331871 has been deleted for go_id = 338395
Added new PARENT: parent_id = 331875 for go_id = 338396
The old parent: parent_id = 339822 has been deleted for go_id = 338396
Added new PARENT: parent_id = 331876 for go_id = 338397
The old parent: parent_id = 339823 has been deleted for go_id = 338397
Added new PARENT: parent_id = 331877 for go_id = 338398
The old parent: parent_id = 339824 has been deleted for go_id = 338398
The display_name for GO:0046715 has been updated from borate transmembrane transporter activity to active borate transmembrane transporter activity
Added new PARENT: parent_id = 331558 for go_id = 323864
Added new ALIAS: borate transmembrane transporter activity for go_id = 323864
Added new ALIAS: borate uptake transmembrane transporter activity for go_id = 323864
Added new ALIAS: boron uptake transmembrane transporter activity for go_id = 323864
The display_name for GO:0051090 has been updated from regulation of sequence-specific DNA binding transcription factor activity to regulation of DNA binding transcription factor activity
Added new ALIAS: regulation of sequence-specific DNA binding transcription factor activity for go_id = 290929
The display_name for GO:0051091 has been updated from positive regulation of sequence-specific DNA binding transcription factor activity to positive regulation of DNA binding transcription factor activity
Added new ALIAS: positive regulation of sequence-specific DNA binding transcription factor activity for go_id = 290930
Added new ALIAS: cortical reaction for go_id = 328949
The display_name for GO:0061840 has been updated from high-affinity ferrous iron uptake transmembrane transporter activity to high-affinity ferrous iron transmembrane transporter activity
Added new PARENT: parent_id = 293557 for go_id = 1913650
The old parent: parent_id = 323838 has been deleted for go_id = 1913650
Added new ALIAS: high-affinity ferrous iron uptake transmembrane transporter activity for go_id = 1913650
NEW entry = GO:0061948 premature acrosome loss
Added new URL: http://amigo.geneontology.org/amigo/term/GO:0061948 for go_id = 1917804
Added new URL: http://amigo.geneontology.org/amigo/term/GO:0061948#display-associations-tab for go_id = 1917804
Added new PARENT: parent_id = 285183 for go_id = 1917804
Added new ALIAS: spontaneous acrosome loss for go_id = 1917804
NEW entry = GO:0061949 regulation of premature acrosome loss
Added new URL: http://amigo.geneontology.org/amigo/term/GO:0061949 for go_id = 1917805
Added new URL: http://amigo.geneontology.org/amigo/term/GO:0061949#display-associations-tab for go_id = 1917805
Added new PARENT: parent_id = 331423 for go_id = 1917805
NEW entry = GO:0061950 negative regulation of premature acrosome loss
Added new URL: http://amigo.geneontology.org/amigo/term/GO:0061950 for go_id = 1917806
Added new URL: http://amigo.geneontology.org/amigo/term/GO:0061950#display-associations-tab for go_id = 1917806
Added new PARENT: parent_id = 331424 for go_id = 1917806
Added new ALIAS: negative regulation of spontaneous acrosome loss for go_id = 1917806
NEW entry = GO:0061951 establishment of protein localization to plasma membrane
Added new URL: http://amigo.geneontology.org/amigo/term/GO:0061951 for go_id = 1917807
Added new URL: http://amigo.geneontology.org/amigo/term/GO:0061951#display-associations-tab for go_id = 1917807
Added new PARENT: parent_id = 298323 for go_id = 1917807
Added new PARENT: parent_id = 343466 for go_id = 1917807
The old alias = establishment of protein localisation in plasma membrane has been deleted for go_id = 298323
The old alias = establishment of protein localization in plasma membrane has been deleted for go_id = 298323
The old alias = establishment of protein localization to plasma membrane has been deleted for go_id = 298323
Added new PARENT: parent_id = 301220 for go_id = 324213
The old parent: parent_id = 323864 has been deleted for go_id = 324213
The display_name for GO:0090422 has been updated from thiamine pyrophosphate transporter activity to thiamine pyrophosphate transmembrane transporter activity
Added new PARENT: parent_id = 301218 for go_id = 343579
Added new PARENT: parent_id = 300814 for go_id = 343579
Added new PARENT: parent_id = 324230 for go_id = 343579
Added new PARENT: parent_id = 331577 for go_id = 343579
Added new PARENT: parent_id = 324063 for go_id = 343579
Added new PARENT: parent_id = 331584 for go_id = 343579
The old parent: parent_id = 338224 has been deleted for go_id = 343579
The old parent: parent_id = 293255 has been deleted for go_id = 343579
Added new ALIAS: thiamine pyrophosphate transporter activity for go_id = 343579
The old parent: parent_id = 297636 has been deleted for go_id = 286410
Added new PARENT: parent_id = 1917801 for go_id = 1445938
The display_name for GO:0099142 has been updated from intracellular ATP-gated ion channel activity to intracellularly ATP-gated ion channel activity
The old parent: parent_id = 298323 has been deleted for go_id = 323758
The old parent: parent_id = 343466 has been deleted for go_id = 323758
Added new PARENT: parent_id = 1917791 for go_id = 1917792
Added new PARENT: parent_id = 1917791 for go_id = 1917793
NEW entry = GO:0106063 G-protein coupled folate receptor activity
Added new URL: http://amigo.geneontology.org/amigo/term/GO:0106063 for go_id = 1917808
Added new URL: http://amigo.geneontology.org/amigo/term/GO:0106063#display-associations-tab for go_id = 1917808
Added new PARENT: parent_id = 292797 for go_id = 1917808
Added new ALIAS: G-protein coupled folic acid receptor activity for go_id = 1917808
NEW entry = GO:0106064 regulation of cobalamin metabolic process
Added new URL: http://amigo.geneontology.org/amigo/term/GO:0106064 for go_id = 1917809
Added new URL: http://amigo.geneontology.org/amigo/term/GO:0106064#display-associations-tab for go_id = 1917809
Added new PARENT: parent_id = 297420 for go_id = 1917809
Added new PARENT: parent_id = 346260 for go_id = 1917809
Added new PARENT: parent_id = 297426 for go_id = 1917809
Added new PARENT: parent_id = 1917794 for go_id = 1917795
Added new PARENT: parent_id = 1917794 for go_id = 1917796
NEW entry = GO:0110061 regulation of angiotensin-activated signaling pathway
Added new URL: http://amigo.geneontology.org/amigo/term/GO:0110061 for go_id = 1917810
Added new URL: http://amigo.geneontology.org/amigo/term/GO:0110061#display-associations-tab for go_id = 1917810
Added new PARENT: parent_id = 298877 for go_id = 1917810
Added new PARENT: parent_id = 298888 for go_id = 1917810
NEW entry = GO:0110062 negative regulation of angiotensin-activated signaling pathway
Added new URL: http://amigo.geneontology.org/amigo/term/GO:0110062 for go_id = 1917811
Added new URL: http://amigo.geneontology.org/amigo/term/GO:0110062#display-associations-tab for go_id = 1917811
Added new PARENT: parent_id = 298896 for go_id = 1917811
Added new PARENT: parent_id = 298888 for go_id = 1917811
NEW entry = GO:0110063 positive regulation of angiotensin-activated signaling pathway
Added new URL: http://amigo.geneontology.org/amigo/term/GO:0110063 for go_id = 1917812
Added new URL: http://amigo.geneontology.org/amigo/term/GO:0110063#display-associations-tab for go_id = 1917812
Added new PARENT: parent_id = 298897 for go_id = 1917812
Added new PARENT: parent_id = 298888 for go_id = 1917812
Added new PARENT: parent_id = 340013 for go_id = 1914578
Added new PARENT: parent_id = 1917801 for go_id = 1917802
NEW entry = GO:0140114 cellular detoxification of fluoride
Added new URL: http://amigo.geneontology.org/amigo/term/GO:0140114 for go_id = 1917813
Added new URL: http://amigo.geneontology.org/amigo/term/GO:0140114#display-associations-tab for go_id = 1917813
Added new PARENT: parent_id = 304094 for go_id = 1917813
Added new PARENT: parent_id = 347232 for go_id = 1917813
NEW entry = GO:0140115 export across plasma membrane
Added new URL: http://amigo.geneontology.org/amigo/term/GO:0140115 for go_id = 1917814
Added new URL: http://amigo.geneontology.org/amigo/term/GO:0140115#display-associations-tab for go_id = 1917814
Added new PARENT: parent_id = 297636 for go_id = 1917814
NEW entry = GO:0140116 fluoride export across plasma membrane
Added new URL: http://amigo.geneontology.org/amigo/term/GO:0140116 for go_id = 1917815
Added new URL: http://amigo.geneontology.org/amigo/term/GO:0140116#display-associations-tab for go_id = 1917815
NEW entry = GO:0140121 Lewy body formation
Added new URL: http://amigo.geneontology.org/amigo/term/GO:0140121 for go_id = 1917816
Added new URL: http://amigo.geneontology.org/amigo/term/GO:0140121#display-associations-tab for go_id = 1917816
Added new PARENT: parent_id = 331495 for go_id = 1917816
NEW entry = GO:0140122 regulation of Lewy body formation
Added new URL: http://amigo.geneontology.org/amigo/term/GO:0140122 for go_id = 1917817
Added new URL: http://amigo.geneontology.org/amigo/term/GO:0140122#display-associations-tab for go_id = 1917817
Added new PARENT: parent_id = 337508 for go_id = 1917817
NEW entry = GO:0140123 negative regulation of Lewy body formation
Added new URL: http://amigo.geneontology.org/amigo/term/GO:0140123 for go_id = 1917818
Added new URL: http://amigo.geneontology.org/amigo/term/GO:0140123#display-associations-tab for go_id = 1917818
Added new PARENT: parent_id = 343437 for go_id = 1917818
NEW entry = GO:0140124 positive regulation of Lewy body formation
Added new URL: http://amigo.geneontology.org/amigo/term/GO:0140124 for go_id = 1917819
Added new URL: http://amigo.geneontology.org/amigo/term/GO:0140124#display-associations-tab for go_id = 1917819
Added new PARENT: parent_id = 337522 for go_id = 1917819
NEW entry = GO:0140125 thiamine import across plasma membrane
Added new URL: http://amigo.geneontology.org/amigo/term/GO:0140125 for go_id = 1917820
Added new URL: http://amigo.geneontology.org/amigo/term/GO:0140125#display-associations-tab for go_id = 1917820
Added new PARENT: parent_id = 324634 for go_id = 1917820
Added new PARENT: parent_id = 344598 for go_id = 1917820
Added new ALIAS: malonic acid uptake transmembrane transporter activity for go_id = 301254
The old parent: parent_id = 298323 has been deleted for go_id = 338746
The old parent: parent_id = 343466 has been deleted for go_id = 338746
Added new PARENT: parent_id = 303069 for go_id = 304094
Added new PARENT: parent_id = 1917794 for go_id = 322473
Added new PARENT: parent_id = 1917796 for go_id = 322480
Added new PARENT: parent_id = 1917795 for go_id = 322485
The is_obsolete for GO:1901549 has been updated from 1 to True
The is_obsolete for GO:0015659 has been updated from 1 to True
The is_obsolete for GO:0001071 has been updated from 1 to True
The is_obsolete for GO:0015118 has been updated from 1 to True
The is_obsolete for GO:0043563 has been updated from 1 to True
The is_obsolete for GO:0015388 has been updated from 1 to True
The is_obsolete for GO:0080138 has been updated from 1 to True
The is_obsolete for GO:0015403 has been updated from 1 to True
The is_obsolete for GO:0015563 has been updated from 1 to True
The is_obsolete for GO:0015569 has been updated from 1 to True
The is_obsolete for GO:0015088 has been updated from 1 to True
The is_obsolete for GO:0015635 has been updated from 1 to True
The is_obsolete for GO:0015639 has been updated from 1 to True
Updated: 38
Added: 17
The following GO terms are not in the current release:
	GO:1902589 single-organism organelle organization
	GO:1902582 single-organism intracellular transport
	GO:1902580 single-organism cellular localization
	GO:1902587 single-organism plasmodesmata-mediated intercellular transport
	GO:1902585 single-organism intercellular transport
	GO:0005472 FAD carrier activity
	GO:1902828 positive regulation of L-arginine import into cell
	GO:1902825 proline import into cell
	GO:1902826 regulation of L-arginine import into cell
	GO:1902827 negative regulation of L-arginine import into cell
	GO:0044801 single-organism membrane fusion
	GO:0032054 ciliary basal body duplication
	GO:0043205 fibril
	GO:0043206 extracellular fibril organization
	GO:0001157 transcription factor activity, RNA polymerase III type 1 promoter TFIIIB
	GO:0016876 ligase activity, forming aminoacyl-tRNA and related compounds
	GO:0007126 meiotic nuclear division
	GO:0038081 MAP kinase kinase kinase activity involved in osmosensory signaling pathway
	GO:0039583 suppression by virus of host PKR activity by positive regulation of PKR catabolic process
	GO:0039582 suppression by virus of host PKR activity by positive regulation of PKR nuclear localization
	GO:0039581 suppression by virus of host PKR activity via double-stranded RNA binding
	GO:1901549 malonic acid uptake transmembrane transporter activity
	GO:1901644 positive regulation of tRNA methylation in response to nitrogen starvation
	GO:0043566 structure-specific DNA binding
	GO:0043172 ferredoxin biosynthetic process
	GO:1902538 single-organism macropinocytosis
	GO:0070604 PBAF complex
	GO:0034065 replication fork processing at rDNA locus
	GO:0044702 single organism reproductive process
	GO:0044708 single-organism behavior
	GO:1903991 positive regulation of ferrous iron import into cell
	GO:1903990 negative regulation of ferrous iron import into cell
	GO:0033136 serine phosphorylation of STAT3 protein
	GO:0042511 positive regulation of tyrosine phosphorylation of Stat1 protein
	GO:0097319 carbohydrate import into cell
	GO:0010532 regulation of activation of JAK1 kinase activity
	GO:0010537 positive regulation of activation of JAK1 kinase activity
	GO:0010535 positive regulation of activation of JAK2 kinase activity
	GO:0010534 regulation of activation of JAK2 kinase activity
	GO:0040023 establishment of nucleus localization
	GO:0038082 MAP kinase phosphatase activity involved in regulation of osmosensory signaling pathway
	GO:0090005 negative regulation of establishment of protein localization to plasma membrane
	GO:0090004 positive regulation of establishment of protein localization to plasma membrane
	GO:0090003 regulation of establishment of protein localization to plasma membrane
	GO:0090002 establishment of protein localization to plasma membrane
	GO:0031684 heterotrimeric G-protein complex cycle
	GO:1900401 regulation of meiosis by regulation of transcription from RNA polymerase II promoter
	GO:0100027 regulation of cell separation after cytokinesis by transcription from RNA polymerase II promoter
	GO:1902534 single-organism membrane invagination
	GO:0038080 MAP kinase kinase activity involved in osmosensory signaling pathway
	GO:0090509 nickel cation import into cell
	GO:0042801 polo kinase kinase activity
	GO:0032513 negative regulation of protein phosphatase type 2B activity
	GO:0032512 regulation of protein phosphatase type 2B activity
	GO:0032514 positive regulation of protein phosphatase type 2B activity
	GO:0010388 cullin deneddylation
	GO:1903813 L-methionine import into cell
	GO:0015659 formate uptake transmembrane transporter activity
	GO:0006830 high-affinity zinc II ion transport
	GO:0008665 2-phosphotransferase activity
	GO:0008105 asymmetric protein localization
	GO:0044699 single-organism process
	GO:0042523 positive regulation of tyrosine phosphorylation of Stat5 protein
	GO:0042522 regulation of tyrosine phosphorylation of Stat5 protein
	GO:0042521 negative regulation of tyrosine phosphorylation of Stat4 protein
	GO:0042525 regulation of tyrosine phosphorylation of Stat6 protein
	GO:0010163 high-affinity potassium ion import
	GO:0044712 single-organism catabolic process
	GO:0044710 single-organism metabolic process
	GO:0044711 single-organism biosynthetic process
	GO:0042529 positive regulation of tyrosine phosphorylation of Stat7 protein
	GO:0044822 poly(A) RNA binding
	GO:0097405 malate import into cell
	GO:0102315 lipoatemdashprotein ligase activity
	GO:1903261 regulation of serine phosphorylation of STAT3 protein
	GO:1903263 positive regulation of serine phosphorylation of STAT3 protein
	GO:1903262 negative regulation of serine phosphorylation of STAT3 protein
	GO:1900475 positive regulation of meiosis by negative regulation of transcription from RNA polymerase II promoter
	GO:1900476 positive regulation of meiosis by positive regulation of transcription from RNA polymerase II promoter
	GO:0050983 deoxyhypusine biosynthetic process from spermidine
	GO:0043581 mycelium development
	GO:1990118 sodium ion import into cell
	GO:0016337 single organismal cell-cell adhesion
	GO:0001071 nucleic acid binding transcription factor activity
	GO:0005232 serotonin-activated cation-selective channel activity
	GO:0061491 serine import into cell
	GO:0038074 MAP kinase phosphatase activity involved in regulation of conjugation with cellular fusion
	GO:0038073 MAP kinase kinase kinase activity involved in conjugation with cellular fusion
	GO:0038079 MAP kinase activity involved in osmosensory signaling pathway
	GO:0004889 acetylcholine-activated cation-selective channel activity
	GO:0098602 single organism cell adhesion
	GO:0052194 movement on or near symbiont
	GO:0052193 movement in symbiont environment
	GO:1902431 uracil import into cell
	GO:0103019 undecaprenyl phosphate-L-Ara4FN transferase activity
	GO:0080055 low-affinity nitrate transport
	GO:0039569 suppression by virus of host STAT2 activity by positive regulation of STAT2 catabolic process
	GO:0039568 suppression by virus of host STAT1 activity by inhibition of DNA binding
	GO:0039565 suppression by virus of host STAT1 activity by positive regulation of STAT1 catabolic process
	GO:0039567 suppression by virus of host STAT1 activity by negative regulation of STAT protein import into nucleus
	GO:0039566 suppression by virus of host STAT1 activity by tyrosine dephosphorylation of STAT1
	GO:0039561 suppression by virus of host IRF9 activity by positive regulation of IRF9 localization to nucleus
	GO:0061489 guanine import into cell
	GO:0061488 adenine import into cell
	GO:0042518 negative regulation of tyrosine phosphorylation of Stat3 protein
	GO:0042519 regulation of tyrosine phosphorylation of Stat4 protein
	GO:0042512 negative regulation of tyrosine phosphorylation of Stat1 protein
	GO:0042513 regulation of tyrosine phosphorylation of Stat2 protein
	GO:0042510 regulation of tyrosine phosphorylation of Stat1 protein
	GO:0042516 regulation of tyrosine phosphorylation of Stat3 protein
	GO:0042517 positive regulation of tyrosine phosphorylation of Stat3 protein
	GO:0042514 negative regulation of tyrosine phosphorylation of Stat2 protein
	GO:0042515 positive regulation of tyrosine phosphorylation of Stat2 protein
	GO:1902765 L-arginine import into cell
	GO:0042526 positive regulation of tyrosine phosphorylation of Stat6 protein
	GO:0042524 negative regulation of tyrosine phosphorylation of Stat5 protein
	GO:0050827 toxin receptor binding
	GO:1902591 single-organism membrane budding
	GO:1902592 multi-organism membrane budding
	GO:1902593 single-organism nuclear import
	GO:1900405 regulation of cell separation after cytokinesis by regulation of transcription from RNA polymerase II promoter
	GO:0090544 BAF-type complex
	GO:0039605 TFIIB-class transcription factor binding involved in viral suppression of host transcription initiation from RNA polymerase II promoter
	GO:0039607 proteolysis by virus of host translation initiation factor
	GO:0039608 suppression by virus of host translation initiation factor activity by induction of host protein dephosphorylation
	GO:1902658 establishment of protein localization to prospore membrane
	GO:0044749 high-affinity zinc II ion transmembrane import
	GO:0044744 protein targeting to nucleus
	GO:0045908 negative regulation of vasodilation
	GO:0045909 positive regulation of vasodilation
	GO:0016023 cytoplasmic, membrane-bounded vesicle
	GO:0097406 malonic acid import into cell
	GO:0097404 succinate import into cell
	GO:1902361 mitochondrial pyruvate transmembrane transport
	GO:0045502 dynein binding
	GO:1990821 high affinity glucose import
	GO:0060626 regulation of cullin deneddylation
	GO:0008280 cohesin core heterodimer
	GO:0042965 glutaredoxin biosynthetic process
	GO:0022865 transmembrane electron transfer carrier
	GO:0022866 transmembrane 1-electron transfer carrier
	GO:0022867 transmembrane 2-electron transfer carrier
	GO:0015118 tellurite transmembrane transporter activity
	GO:0018055 peptidyl-lysine lipoylation
	GO:0042520 positive regulation of tyrosine phosphorylation of Stat4 protein
	GO:0042527 negative regulation of tyrosine phosphorylation of Stat6 protein
	GO:0042528 regulation of tyrosine phosphorylation of Stat7 protein
	GO:0007067 mitotic nuclear division
	GO:1901476 carbohydrate transporter activity
	GO:0043563 odorant transporter activity
	GO:0044756 biotin import into cell
	GO:0015678 high-affinity copper ion transport
	GO:1902540 single-organism micropinocytosis
	GO:1990614 mitochondrial magnesium ion transmembrane transport
	GO:0039659 suppression by virus of host TBK1-IKBKE-DDX3 complex activity
	GO:0039655 transport of virus in host, cell to cell via plasmodesmata
	GO:1903989 regulation of ferrous iron import into cell
	GO:0090450 inosine-diphosphatase activity
	GO:0097459 iron ion import into cell
	GO:0044757 dethiobiotin import into cell
	GO:0044802 single-organism membrane organization
	GO:0001948 glycoprotein binding
	GO:1902536 single-organism pinocytosis
	GO:0000059 protein import into nucleus, docking
	GO:0030362 protein phosphatase type 4 regulator activity
	GO:1990602 importin alpha-subunit nuclear import complex
	GO:1990035 calcium ion import into cell
	GO:0003123 regulation of vasodilation by circulating epinephrine
	GO:0003124 regulation of vasodilation by neuronal epinephrine
	GO:0003125 regulation of vasodilation by circulating norepinephrine
	GO:0003126 regulation of vasodilation by neuronal norepinephrine
	GO:1990681 protein phosphatase type 2A inhibitor activity
	GO:0015388 potassium uptake transmembrane transporter activity
	GO:0046909 intermembrane transport
	GO:0042927 siderophore transporter activity
	GO:1903130 positive regulation of leucine import into cell
	GO:0039546 suppression by virus of host MAVS activity by MAVS proteolysis
	GO:0039544 suppression by virus of host RIG-I activity by RIG-I proteolysis
	GO:0039543 suppression by virus of host RIG-I activity by viral RNA 5' processing
	GO:0039542 suppression by virus of host RIG-I K63-linked ubiquitination
	GO:0039541 suppression by virus of host RIG-I via RIG-I binding
	GO:0039549 suppression by virus of host IRF3 activity by inhibition of IRF3 phosphorylation
	GO:0006981 activation of SoxR protein
	GO:0044755 pantothenate import into cell
	GO:0005224 ATP-binding and phosphorylation-dependent chloride channel activity
	GO:0008969 phosphohistidine phosphatase activity
	GO:0061467 basolateral protein localization
	GO:1903410 L-lysine import into cell
	GO:0080138 borate uptake transmembrane transporter activity
	GO:0008601 protein phosphatase type 2A regulator activity
	GO:1905361 L-serine transporter activity
	GO:0097015 bacterial-type flagellar cytoplasm
	GO:0044767 single-organism developmental process
	GO:0044765 single-organism transport
	GO:0044763 single-organism cellular process
	GO:1904067 ascr#2 binding
	GO:0061597 cyclic pyranopterin monophosphate synthase activity
	GO:0042977 activation of JAK2 kinase activity
	GO:1905658 negative regulation of relaxation of vascular smooth muscle
	GO:1905659 positive regulation of relaxation of vascular smooth muscle
	GO:1905657 regulation of relaxation of vascular smooth muscle
	GO:0015403 thiamine uptake transmembrane transporter activity
	GO:1901619 tRNA methylation in response to nitrogen starvation
	GO:0080039 xyloglucan endotransglucosylase activity
	GO:0003840 gamma-glutamyltransferase activity
	GO:0042530 negative regulation of tyrosine phosphorylation of Stat7 protein
	GO:0072543 protein phosphatase type 2A activator activity
	GO:0039578 suppression by virus of host JAK1 activity via JAK1 binding
	GO:0039577 suppression by virus of host JAK1 activity by negative regulation of JAK1 phosphorylation
	GO:0039575 suppression by virus of host TYK2 activity by negative regulation of TYK2 tyrosine phosphorylation
	GO:0039572 suppression by virus of host STAT2 activity by negative regulation of STAT2 tyrosine phosphorylation
	GO:0039570 suppression by virus of host STAT2 activity by negative regulation of STAT protein import into nucleus
	GO:0039571 suppression by virus of host STAT1 activity by negative regulation of STAT1 tyrosine phosphorylation
	GO:0061490 glucose import into cell
	GO:0036347 glutathione import into cell
	GO:0098701 endocytic import into cell
	GO:0042563 importin alpha-subunit nuclear export complex
	GO:1900414 regulation of cytokinesis by regulation of transcription from RNA polymerase II promoter
	GO:0015563 uptake transmembrane transporter activity
	GO:0015569 p-aminobenzoyl-glutamate transmembrane transporter activity
	GO:0051297 centrosome organization
	GO:0008646 high-affinity hexose transport
	GO:0008647 low-affinity hexose transport
	GO:0031988 membrane-bounded vesicle
	GO:1902376 protein denaturation involved in proteasomal ubiquitin-dependent protein catabolic process
	GO:0015242 benomyl transporter activity
	GO:0006827 high-affinity iron ion transmembrane transport
	GO:1902837 amino acid import into cell
	GO:0071862 protein phosphatase type 1 activator activity
	GO:1902578 single-organism localization
	GO:1903887 motile cilium assembly
	GO:0060477 peptidyl-serine phosphorylation involved in acrosome reaction
	GO:1902861 copper ion import into cell
	GO:0015088 copper uptake transmembrane transporter activity
	GO:0030722 establishment of oocyte nucleus localization involved in oocyte dorsal/ventral axis specification
	GO:0042384 cilium assembly
	GO:0034047 regulation of protein phosphatase type 2A activity
	GO:0034049 positive regulation of protein phosphatase type 2A activity
	GO:0034048 negative regulation of protein phosphatase type 2A activity
	GO:0098667 sodium ion export across plasma membrane
	GO:0098663 transmembrane transporter activity involved in import into cell
	GO:0098668 potassium ion export from cell
	GO:0042312 regulation of vasodilation
	GO:1901643 regulation of tRNA methylation in response to nitrogen starvation
	GO:0039550 suppression by virus of host IRF3 activity by inhibition of DNA binding
	GO:1903809 L-proline import into cell
	GO:0044723 single-organism carbohydrate metabolic process
	GO:0044724 single-organism carbohydrate catabolic process
	GO:0097460 ferrous iron import into cell
	GO:0097461 ferric iron import into cell
	GO:1903411 L-ornithine import into cell
	GO:0044700 single organism signaling
	GO:0044704 single-organism reproductive behavior
	GO:0044707 single-multicellular organism process
	GO:0072661 protein targeting to plasma membrane
	GO:0097357 myo-inositol import into cell
	GO:0000040 low-affinity iron ion transmembrane transport
	GO:0030359 protein phosphatase type 2B regulator activity
	GO:0046779 suppression by virus of expression of host genes with introns
	GO:0007101 male meiosis centrosome cycle
	GO:0006831 low-affinity zinc II ion transport
	GO:0010993 regulation of ubiquitin homeostasis
	GO:0008599 protein phosphatase type 1 regulator activity
	GO:0038076 MAP kinase kinase activity involved in innate immune response
	GO:0038071 MAP kinase activity involved in conjugation with cellular fusion
	GO:0038077 MAP kinase kinase kinase activity involved in innate immune response
	GO:0038070 MAP kinase kinase kinase activity involved in cell wall organization or biogenesis
	GO:0038072 MAP kinase kinase activity involved in conjugation with cellular fusion
	GO:0042503 tyrosine phosphorylation of Stat3 protein
	GO:0042502 tyrosine phosphorylation of Stat2 protein
	GO:0042505 tyrosine phosphorylation of Stat6 protein
	GO:0042504 tyrosine phosphorylation of Stat4 protein
	GO:0042507 tyrosine phosphorylation of Stat7 protein
	GO:0042506 tyrosine phosphorylation of Stat5 protein
	GO:0072692 chromatin silencing at centromere central core
	GO:0072693 protein targeting to prospore membrane
	GO:0038069 MAP kinase phosphatase activity involved in regulation of cell wall biogenesis
	GO:0038068 MAP kinase kinase activity involved in cell wall organization or biogenesis
	GO:0038067 MAP kinase activity involved in cell wall organization or biogenesis
	GO:1903128 regulation of leucine import into cell
	GO:1903129 negative regulation of leucine import into cell
	GO:0090690 heteroreceptor complex
	GO:0015635 short-chain fatty acid transporter activity
	GO:0015639 ferrous iron uptake transmembrane transporter activity
	GO:0039551 suppression by virus of host IRF3 activity by positive regulation of IRF3 catabolic process
	GO:0039555 suppression by virus of host MDA-5 activity via MDA-5 binding
	GO:0039558 suppression by virus of host IRF7 activity by positive regulation of IRF7 sumoylation
	GO:0039559 suppression by virus of host IRF7 activity by positive regulation of IRF7 catabolic process
	GO:1990122 leucine import into cell
	GO:1990123 L-glutamate import into cell
	GO:0008416 delta5-delta2,4-dienoyl-CoA isomerase activity
	GO:0043329 protein targeting to membrane involved in ubiquitin-dependent protein catabolic process via the multivesicular body sorting pathway
	GO:0033753 establishment of ribosome localization
	GO:0042508 tyrosine phosphorylation of Stat1 protein
	GO:0010531 activation of JAK1 kinase activity
